g:\content\prob\prob\x64\release\vc142.pdb
g:\content\prob\prob\x64\release\workstack.obj
g:\content\prob\prob\x64\release\workaddress.obj
g:\content\prob\prob\x64\release\processor.obj
g:\content\prob\prob\x64\release\prob.obj
g:\content\prob\prob\x64\release\memory.obj
g:\content\prob\prob\x64\release\jump.obj
g:\content\prob\prob\x64\release\inout.obj
g:\content\prob\prob\x64\release\imath.obj
g:\content\prob\prob\x64\release\fmath.obj
g:\content\prob\x64\release\prob.exe
g:\content\prob\x64\release\prob.pdb
g:\content\prob\x64\release\prob.ipdb
g:\content\prob\x64\release\prob.iobj
g:\content\prob\prob\x64\release\prob.tlog\cl.command.1.tlog
g:\content\prob\prob\x64\release\prob.tlog\cl.read.1.tlog
g:\content\prob\prob\x64\release\prob.tlog\cl.write.1.tlog
g:\content\prob\prob\x64\release\prob.tlog\link.command.1.tlog
g:\content\prob\prob\x64\release\prob.tlog\link.read.1.tlog
g:\content\prob\prob\x64\release\prob.tlog\link.write.1.tlog
g:\content\prob\prob\x64\release\prob.tlog\prob.write.1u.tlog
