g:\content\prob\prob\release\vc142.pdb
g:\content\prob\prob\release\prob.obj
g:\content\prob\prob\release\imath.obj
g:\content\prob\prob\release\fmath.obj
g:\content\prob\prob\release\workstack.obj
g:\content\prob\prob\release\workaddress.obj
g:\content\prob\prob\release\processor.obj
g:\content\prob\prob\release\memory.obj
g:\content\prob\prob\release\jump.obj
g:\content\prob\prob\release\inout.obj
g:\content\prob\release\prob.exe
g:\content\prob\prob\release\prob.tlog\cl.command.1.tlog
g:\content\prob\prob\release\prob.tlog\cl.read.1.tlog
g:\content\prob\prob\release\prob.tlog\cl.write.1.tlog
g:\content\prob\prob\release\prob.tlog\link-cvtres.read.1.tlog
g:\content\prob\prob\release\prob.tlog\link-rc.read.1.tlog
g:\content\prob\prob\release\prob.tlog\link-rc.write.1.tlog
g:\content\prob\prob\release\prob.tlog\link.command.1.tlog
g:\content\prob\prob\release\prob.tlog\link.read.1.tlog
g:\content\prob\prob\release\prob.tlog\link.read.9.tlog
g:\content\prob\prob\release\prob.tlog\link.write.1.tlog
