g:\content\prob\prob\debug\vc142.pdb
g:\content\prob\prob\debug\vc142.idb
g:\content\prob\prob\debug\workstack.obj
g:\content\prob\prob\debug\workaddress.obj
g:\content\prob\prob\debug\processor.obj
g:\content\prob\prob\debug\prob.obj
g:\content\prob\prob\debug\memory.obj
g:\content\prob\prob\debug\jump.obj
g:\content\prob\prob\debug\inout.obj
g:\content\prob\prob\debug\imath.obj
g:\content\prob\prob\debug\fmath.obj
g:\content\prob\debug\prob.ilk
g:\content\prob\debug\prob.exe
g:\content\prob\debug\prob.pdb
g:\content\prob\prob\debug\prob.tlog\cl.command.1.tlog
g:\content\prob\prob\debug\prob.tlog\cl.read.1.tlog
g:\content\prob\prob\debug\prob.tlog\cl.write.1.tlog
g:\content\prob\prob\debug\prob.tlog\link.command.1.tlog
g:\content\prob\prob\debug\prob.tlog\link.read.1.tlog
g:\content\prob\prob\debug\prob.tlog\link.write.1.tlog
