c:\users\я\desktop\prob\prob\x64\debug\vc142.pdb
c:\users\я\desktop\prob\prob\x64\debug\vc142.idb
c:\users\я\desktop\prob\prob\x64\debug\workstack.obj
c:\users\я\desktop\prob\prob\x64\debug\workaddress.obj
c:\users\я\desktop\prob\prob\x64\debug\processor.obj
c:\users\я\desktop\prob\prob\x64\debug\prob.obj
c:\users\я\desktop\prob\prob\x64\debug\memory.obj
c:\users\я\desktop\prob\prob\x64\debug\jump.obj
c:\users\я\desktop\prob\prob\x64\debug\inout.obj
c:\users\я\desktop\prob\prob\x64\debug\imath.obj
c:\users\я\desktop\prob\prob\x64\debug\fmath.obj
c:\users\я\desktop\prob\x64\debug\prob.ilk
c:\users\я\desktop\prob\x64\debug\prob.exe
c:\users\я\desktop\prob\x64\debug\prob.pdb
c:\users\я\desktop\prob\prob\x64\debug\prob.tlog\cl.command.1.tlog
c:\users\я\desktop\prob\prob\x64\debug\prob.tlog\cl.read.1.tlog
c:\users\я\desktop\prob\prob\x64\debug\prob.tlog\cl.write.1.tlog
c:\users\я\desktop\prob\prob\x64\debug\prob.tlog\link.command.1.tlog
c:\users\я\desktop\prob\prob\x64\debug\prob.tlog\link.read.1.tlog
c:\users\я\desktop\prob\prob\x64\debug\prob.tlog\link.write.1.tlog
